<?xml version="1.0" encoding="UTF-8"?>
<!-- Generated by org.testng.reporters.JUnitReportReporter -->
<testsuite hostname="LAU08006328" failures="0" tests="1" name="TestUserStory2.ValidateRetirementPlanForNotEmployed" time="7.023" errors="0" timestamp="2020-12-06T18:41:54 NZDT" skipped="0">
  <testcase classname="TestUserStory2.ValidateRetirementPlanForNotEmployed" name="TestNotEmployed" time="7.023"/>
  <system-out/>
</testsuite> <!-- TestUserStory2.ValidateRetirementPlanForNotEmployed -->
