<?xml version="1.0" encoding="UTF-8"?>
<!-- Generated by org.testng.reporters.JUnitReportReporter -->
<testsuite hostname="LAU08006328" failures="0" tests="1" name="TestUserStory2.ValidateRetirementPlanForSelfEmployed" time="7.282" errors="0" timestamp="2020-12-06T18:41:54 NZDT" skipped="0">
  <testcase classname="TestUserStory2.ValidateRetirementPlanForSelfEmployed" name="TestSelfEmployed" time="7.282"/>
  <system-out/>
</testsuite> <!-- TestUserStory2.ValidateRetirementPlanForSelfEmployed -->
