<?xml version="1.0" encoding="UTF-8"?>
<!-- Generated by org.testng.reporters.JUnitReportReporter -->
<testsuite hostname="LAU08006328" failures="0" tests="1" name="TestUserStory1.ValidateInfoIconPresentForFields" time="5.930" errors="0" timestamp="2020-12-06T18:38:03 NZDT" skipped="0">
  <testcase classname="TestUserStory1.ValidateInfoIconPresentForFields" name="checkInfoIcon" time="5.930"/>
  <system-out/>
</testsuite> <!-- TestUserStory1.ValidateInfoIconPresentForFields -->
